<?xml version="1.0" encoding="UTF-8"?>
<coverage generated="1659906458360" clover="3.2.0">
  <project timestamp="1659906458360" name="All files">
    <metrics statements="7" coveredstatements="7" conditionals="8" coveredconditionals="7" methods="1" coveredmethods="1" elements="16" coveredelements="15" complexity="0" loc="7" ncloc="7" packages="1" files="1" classes="1"/>
    <file name="utils.js" path="/Users/avovchuk/Projects/bikalay/react-bootstrap-select/src/utils.js">
      <metrics statements="7" coveredstatements="7" conditionals="8" coveredconditionals="7" methods="1" coveredmethods="1"/>
      <line num="7" count="1" type="stmt"/>
      <line num="8" count="9" type="cond" truecount="2" falsecount="0"/>
      <line num="9" count="4" type="stmt"/>
      <line num="11" count="5" type="cond" truecount="2" falsecount="0"/>
      <line num="12" count="1" type="stmt"/>
      <line num="14" count="4" type="cond" truecount="3" falsecount="1"/>
      <line num="15" count="4" type="stmt"/>
    </file>
  </project>
</coverage>
