{"/Users/avovchuk/Projects/bikalay/react-bootstrap-select/src/utils.js": {"path":"/Users/avovchuk/Projects/bikalay/react-bootstrap-select/src/utils.js","statementMap":{"0":{"start":{"line":7,"column":27},"end":{"line":17,"column":1}},"1":{"start":{"line":8,"column":2},"end":{"line":10,"column":3}},"2":{"start":{"line":9,"column":4},"end":{"line":9,"column":16}},"3":{"start":{"line":11,"column":2},"end":{"line":13,"column":3}},"4":{"start":{"line":12,"column":4},"end":{"line":12,"column":42}},"5":{"start":{"line":14,"column":2},"end":{"line":16,"column":3}},"6":{"start":{"line":15,"column":4},"end":{"line":15,"column":44}}},"fnMap":{"0":{"name":"(anonymous_0)","decl":{"start":{"line":7,"column":27},"end":{"line":7,"column":28}},"loc":{"start":{"line":7,"column":37},"end":{"line":17,"column":1}},"line":7}},"branchMap":{"0":{"loc":{"start":{"line":8,"column":2},"end":{"line":10,"column":3}},"type":"if","locations":[{"start":{"line":8,"column":2},"end":{"line":10,"column":3}},{"start":{},"end":{}}],"line":8},"1":{"loc":{"start":{"line":11,"column":2},"end":{"line":13,"column":3}},"type":"if","locations":[{"start":{"line":11,"column":2},"end":{"line":13,"column":3}},{"start":{},"end":{}}],"line":11},"2":{"loc":{"start":{"line":14,"column":2},"end":{"line":16,"column":3}},"type":"if","locations":[{"start":{"line":14,"column":2},"end":{"line":16,"column":3}},{"start":{},"end":{}}],"line":14},"3":{"loc":{"start":{"line":14,"column":6},"end":{"line":14,"column":38}},"type":"binary-expr","locations":[{"start":{"line":14,"column":6},"end":{"line":14,"column":30}},{"start":{"line":14,"column":34},"end":{"line":14,"column":38}}],"line":14}},"s":{"0":1,"1":9,"2":4,"3":5,"4":1,"5":4,"6":4},"f":{"0":9},"b":{"0":[4,5],"1":[1,4],"2":[4,0],"3":[4,4]},"_coverageSchema":"1a1c01bbd47fc00a2c39e90264f33305004495a9","hash":"d5c02ef3916961707009d28bb44d3d6091b6a1ab"}
}
